2024-10-11 18:12:49 ERROR org.kreps.csvtoiotdb.MigrateTask - Database error during migration task: Value not permitted for column "('PENDING', 'IN_PROGRESS', 'COMPLETED', 'FAILED')": "STARTED"; SQL statement:
UPDATE jobs SET status = ?, error_message = ?, end_time = CURRENT_TIMESTAMP WHERE id = ? [22030-232]
org.h2.jdbc.JdbcSQLDataException: Value not permitted for column "('PENDING', 'IN_PROGRESS', 'COMPLETED', 'FAILED')": "STARTED"; SQL statement:
UPDATE jobs SET status = ?, error_message = ?, end_time = CURRENT_TIMESTAMP WHERE id = ? [22030-232]
	at org.h2.message.DbException.getJdbcSQLException(DbException.java:518)
	at org.h2.message.DbException.getJdbcSQLException(DbException.java:489)
	at org.h2.message.DbException.get(DbException.java:223)
	at org.h2.value.ExtTypeInfoEnum.getValue(ExtTypeInfoEnum.java:175)
	at org.h2.value.Value.convertToEnum(Value.java:2320)
	at org.h2.value.Value.convertTo(Value.java:1200)
	at org.h2.value.Value.convertForAssignTo(Value.java:1118)
	at org.h2.table.Column.validateConvertUpdateSequence(Column.java:406)
	at org.h2.table.Table.convertUpdateRow(Table.java:1005)
	at org.h2.command.dml.SetClauseList.prepareUpdate(SetClauseList.java:149)
	at org.h2.command.dml.Update.update(Update.java:82)
	at org.h2.command.dml.DataChangeStatement.update(DataChangeStatement.java:74)
	at org.h2.command.CommandContainer.update(CommandContainer.java:139)
	at org.h2.command.Command.executeUpdate(Command.java:304)
	at org.h2.command.Command.executeUpdate(Command.java:248)
	at org.h2.jdbc.JdbcPreparedStatement.executeUpdateInternal(JdbcPreparedStatement.java:213)
	at org.h2.jdbc.JdbcPreparedStatement.executeUpdate(JdbcPreparedStatement.java:172)
	at org.kreps.csvtoiotdb.DAO.JobsDAO.updateJobStatus(JobsDAO.java:53)
	at org.kreps.csvtoiotdb.MigrateTask.run(MigrateTask.java:88)
	at java.base/java.util.concurrent.Executors$RunnableAdapter.call(Executors.java:539)
	at java.base/java.util.concurrent.FutureTask.run(FutureTask.java:264)
	at java.base/java.util.concurrent.ThreadPoolExecutor.runWorker(ThreadPoolExecutor.java:1136)
	at java.base/java.util.concurrent.ThreadPoolExecutor$Worker.run(ThreadPoolExecutor.java:635)
	at java.base/java.lang.Thread.run(Thread.java:840)
